<?xml version="1.0" encoding="UTF-8"?>
<testng-results ignored="0" total="1" passed="1" failed="0" skipped="0">
  <reporter-output>
  </reporter-output>
  <suite started-at="2026-01-14T16:48:00 IST" name="Suite" finished-at="2026-01-14T16:48:24 IST" duration-ms="23296">
    <groups>
    </groups>
    <test started-at="2026-01-14T16:48:00 IST" name="Test" finished-at="2026-01-14T16:48:24 IST" duration-ms="23296">
      <class name="tests.JamabandiRaiyat">
        <test-method is-config="true" signature="launchUrl()[pri:0, instance:tests.JamabandiRaiyat@4d0d9fe7]" started-at="2026-01-14T16:48:00 IST" name="launchUrl" finished-at="2026-01-14T16:48:07 IST" duration-ms="6963" status="PASS">
          <reporter-output>
          </reporter-output>
        </test-method> <!-- launchUrl -->
        <test-method signature="searchJamabandiRaiyat()[pri:0, instance:tests.JamabandiRaiyat@4d0d9fe7]" started-at="2026-01-14T16:48:07 IST" name="searchJamabandiRaiyat" finished-at="2026-01-14T16:48:21 IST" duration-ms="13994" status="PASS">
          <reporter-output>
          </reporter-output>
        </test-method> <!-- searchJamabandiRaiyat -->
        <test-method is-config="true" signature="closeBrowser()[pri:0, instance:tests.JamabandiRaiyat@4d0d9fe7]" started-at="2026-01-14T16:48:21 IST" name="closeBrowser" finished-at="2026-01-14T16:48:24 IST" duration-ms="2208" status="PASS">
          <reporter-output>
          </reporter-output>
        </test-method> <!-- closeBrowser -->
      </class> <!-- tests.JamabandiRaiyat -->
    </test> <!-- Test -->
  </suite> <!-- Suite -->
</testng-results>
