<?xml version="1.0" encoding="UTF-8"?>
<testng-results ignored="0" total="1" passed="1" failed="0" skipped="0">
  <reporter-output>
  </reporter-output>
  <suite started-at="2025-12-23T15:35:33 IST" name="Suite" finished-at="2025-12-23T15:35:52 IST" duration-ms="19727">
    <groups>
    </groups>
    <test started-at="2025-12-23T15:35:33 IST" name="Test" finished-at="2025-12-23T15:35:52 IST" duration-ms="19727">
      <class name="tests.firstTest">
        <test-method signature="login(java.lang.String,java.lang.String)[pri:0, instance:tests.firstTest@4a8355dd]" started-at="2025-12-23T15:35:35 IST" name="login" data-provider="ExcelData" finished-at="2025-12-23T15:35:52 IST" duration-ms="17793" status="PASS">
          <params>
            <param index="0">
              <value>
                <![CDATA[11222863893]]>
              </value>
            </param>
            <param index="1">
              <value>
                <![CDATA[Veenasingh@722]]>
              </value>
            </param>
          </params>
          <reporter-output>
          </reporter-output>
        </test-method> <!-- login -->
      </class> <!-- tests.firstTest -->
    </test> <!-- Test -->
  </suite> <!-- Suite -->
</testng-results>
