<?xml version="1.0" encoding="UTF-8"?>
<testng-results ignored="0" total="1" passed="1" failed="0" skipped="0">
  <reporter-output>
  </reporter-output>
  <suite started-at="2025-10-10T13:14:17 IST" name="Default suite" finished-at="2025-10-10T13:14:23 IST" duration-ms="5775">
    <groups>
    </groups>
    <test started-at="2025-10-10T13:14:17 IST" name="Default test" finished-at="2025-10-10T13:14:23 IST" duration-ms="5775">
      <class name="utils.Base">
        <test-method signature="initBrowser()[pri:0, instance:utils.Base@5890e879]" started-at="2025-10-10T13:14:17 IST" name="initBrowser" finished-at="2025-10-10T13:14:23 IST" duration-ms="5665" status="PASS">
          <reporter-output>
          </reporter-output>
        </test-method> <!-- initBrowser -->
      </class> <!-- utils.Base -->
    </test> <!-- Default test -->
  </suite> <!-- Default suite -->
</testng-results>
