<?xml version="1.0" encoding="UTF-8"?>
<testng-results ignored="0" total="1" passed="1" failed="0" skipped="0">
  <reporter-output>
  </reporter-output>
  <suite started-at="2026-01-06T11:11:41 IST" name="Suite" finished-at="2026-01-06T11:12:09 IST" duration-ms="27285">
    <groups>
    </groups>
    <test started-at="2026-01-06T11:11:41 IST" name="Test" finished-at="2026-01-06T11:12:09 IST" duration-ms="27285">
      <class name="tests.JamabandiRaiyat">
        <test-method signature="searchJamabandiRaiyat()[pri:0, instance:tests.JamabandiRaiyat@43df23d3]" started-at="2026-01-06T11:11:41 IST" name="searchJamabandiRaiyat" finished-at="2026-01-06T11:12:09 IST" duration-ms="27167" status="PASS">
          <reporter-output>
          </reporter-output>
        </test-method> <!-- searchJamabandiRaiyat -->
      </class> <!-- tests.JamabandiRaiyat -->
    </test> <!-- Test -->
  </suite> <!-- Suite -->
</testng-results>
