<?xml version="1.0" encoding="UTF-8"?>
<testng-results ignored="0" total="1" passed="0" failed="1" skipped="0">
  <reporter-output>
  </reporter-output>
  <suite started-at="2026-01-15T09:22:45 IST" name="Suite" finished-at="2026-01-15T09:23:06 IST" duration-ms="20437">
    <groups>
    </groups>
    <test started-at="2026-01-15T09:22:45 IST" name="Test" finished-at="2026-01-15T09:23:06 IST" duration-ms="20437">
      <class name="tests.JamabandiRaiyat">
        <test-method is-config="true" signature="launchUrl()[pri:0, instance:tests.JamabandiRaiyat@43f82e78]" started-at="2026-01-15T09:22:45 IST" name="launchUrl" finished-at="2026-01-15T09:22:52 IST" duration-ms="7302" status="PASS">
          <reporter-output>
          </reporter-output>
        </test-method> <!-- launchUrl -->
        <test-method signature="searchJamabandiRaiyat()[pri:0, instance:tests.JamabandiRaiyat@43f82e78]" started-at="2026-01-15T09:22:52 IST" name="searchJamabandiRaiyat" finished-at="2026-01-15T09:23:03 IST" duration-ms="10317" status="FAIL">
          <exception class="org.openqa.selenium.InvalidSelectorException">
            <message>
              <![CDATA[invalid selector: Unable to locate an element with the xpath expression //select[contains)] because of the following error:
SyntaxError: Failed to execute 'evaluate' on 'Document': The string '//select[contains)]' is not a valid XPath expression.
  (Session info: chrome=143.0.7499.193)
For documentation on this error, please visit: https://www.selenium.dev/documentation/webdriver/troubleshooting/errors#invalid-selector-exception
Build info: version: '4.21.0', revision: '79ed462ef4'
System info: os.name: 'Windows 10', os.arch: 'amd64', os.version: '10.0', java.version: '22.0.2'
Driver info: org.openqa.selenium.chrome.ChromeDriver
Command: [5300ea47a68040fdc3d049bd14e19004, findElement {using=xpath, value=//select[contains)]}]
Capabilities {acceptInsecureCerts: false, browserName: chrome, browserVersion: 143.0.7499.193, chrome: {chromedriverVersion: 143.0.7499.192 (be2c1f4fd45..., userDataDir: C:\Users\hp\AppData\Local\T...}, fedcm:accounts: true, goog:chromeOptions: {debuggerAddress: localhost:55681}, goog:processID: 6968, networkConnectionEnabled: false, pageLoadStrategy: normal, platformName: windows, proxy: Proxy(), se:cdp: ws://localhost:55681/devtoo..., se:cdpVersion: 143.0.7499.193, setWindowRect: true, strictFileInteractability: false, timeouts: {implicit: 0, pageLoad: 300000, script: 30000}, unhandledPromptBehavior: dismiss and notify, webauthn:extension:credBlob: true, webauthn:extension:largeBlob: true, webauthn:extension:minPinLength: true, webauthn:extension:prf: true, webauthn:virtualAuthenticators: true}
Session ID: 5300ea47a68040fdc3d049bd14e19004]]>
            </message>
            <full-stacktrace>
              <![CDATA[org.openqa.selenium.InvalidSelectorException: invalid selector: Unable to locate an element with the xpath expression //select[contains)] because of the following error:
SyntaxError: Failed to execute 'evaluate' on 'Document': The string '//select[contains)]' is not a valid XPath expression.
  (Session info: chrome=143.0.7499.193)
For documentation on this error, please visit: https://www.selenium.dev/documentation/webdriver/troubleshooting/errors#invalid-selector-exception
Build info: version: '4.21.0', revision: '79ed462ef4'
System info: os.name: 'Windows 10', os.arch: 'amd64', os.version: '10.0', java.version: '22.0.2'
Driver info: org.openqa.selenium.chrome.ChromeDriver
Command: [5300ea47a68040fdc3d049bd14e19004, findElement {using=xpath, value=//select[contains)]}]
Capabilities {acceptInsecureCerts: false, browserName: chrome, browserVersion: 143.0.7499.193, chrome: {chromedriverVersion: 143.0.7499.192 (be2c1f4fd45..., userDataDir: C:\Users\hp\AppData\Local\T...}, fedcm:accounts: true, goog:chromeOptions: {debuggerAddress: localhost:55681}, goog:processID: 6968, networkConnectionEnabled: false, pageLoadStrategy: normal, platformName: windows, proxy: Proxy(), se:cdp: ws://localhost:55681/devtoo..., se:cdpVersion: 143.0.7499.193, setWindowRect: true, strictFileInteractability: false, timeouts: {implicit: 0, pageLoad: 300000, script: 30000}, unhandledPromptBehavior: dismiss and notify, webauthn:extension:credBlob: true, webauthn:extension:largeBlob: true, webauthn:extension:minPinLength: true, webauthn:extension:prf: true, webauthn:virtualAuthenticators: true}
Session ID: 5300ea47a68040fdc3d049bd14e19004
at java.base/jdk.internal.reflect.DirectConstructorHandleAccessor.newInstance(DirectConstructorHandleAccessor.java:62)
at java.base/java.lang.reflect.Constructor.newInstanceWithCaller(Constructor.java:502)
at java.base/java.lang.reflect.Constructor.newInstance(Constructor.java:486)
at org.openqa.selenium.remote.ErrorCodec.decode(ErrorCodec.java:167)
at org.openqa.selenium.remote.codec.w3c.W3CHttpResponseCodec.decode(W3CHttpResponseCodec.java:138)
at org.openqa.selenium.remote.codec.w3c.W3CHttpResponseCodec.decode(W3CHttpResponseCodec.java:50)
at org.openqa.selenium.remote.HttpCommandExecutor.execute(HttpCommandExecutor.java:190)
at org.openqa.selenium.remote.service.DriverCommandExecutor.invokeExecute(DriverCommandExecutor.java:216)
at org.openqa.selenium.remote.service.DriverCommandExecutor.execute(DriverCommandExecutor.java:174)
at org.openqa.selenium.remote.RemoteWebDriver.execute(RemoteWebDriver.java:518)
at org.openqa.selenium.remote.ElementLocation$ElementFinder$2.findElement(ElementLocation.java:165)
at org.openqa.selenium.remote.ElementLocation.findElement(ElementLocation.java:59)
at org.openqa.selenium.remote.RemoteWebDriver.findElement(RemoteWebDriver.java:355)
at org.openqa.selenium.remote.RemoteWebDriver.findElement(RemoteWebDriver.java:349)
at org.openqa.selenium.support.pagefactory.DefaultElementLocator.findElement(DefaultElementLocator.java:68)
at org.openqa.selenium.support.pagefactory.internal.LocatingElementHandler.invoke(LocatingElementHandler.java:38)
at jdk.proxy2/jdk.proxy2.$Proxy14.isDisplayed(Unknown Source)
at org.openqa.selenium.support.ui.ExpectedConditions.elementIfVisible(ExpectedConditions.java:304)
at org.openqa.selenium.support.ui.ExpectedConditions$10.apply(ExpectedConditions.java:290)
at org.openqa.selenium.support.ui.ExpectedConditions$10.apply(ExpectedConditions.java:287)
at org.openqa.selenium.support.ui.FluentWait.until(FluentWait.java:203)
at utils.Helpers.waitforVisibilityOfElement(Helpers.java:35)
at utils.Helpers.selectByVisibleText(Helpers.java:39)
at pageObjects.JamabandiRegisterPage.setHalka(JamabandiRegisterPage.java:62)
at tests.JamabandiRaiyat.searchJamabandiRaiyat(JamabandiRaiyat.java:40)
at java.base/jdk.internal.reflect.DirectMethodHandleAccessor.invoke(DirectMethodHandleAccessor.java:103)
at java.base/java.lang.reflect.Method.invoke(Method.java:580)
at org.testng.internal.invokers.MethodInvocationHelper.invokeMethod(MethodInvocationHelper.java:141)
at org.testng.internal.invokers.TestInvoker.invokeMethod(TestInvoker.java:687)
at org.testng.internal.invokers.TestInvoker.invokeTestMethod(TestInvoker.java:230)
at org.testng.internal.invokers.MethodRunner.runInSequence(MethodRunner.java:63)
at org.testng.internal.invokers.TestInvoker$MethodInvocationAgent.invoke(TestInvoker.java:995)
at org.testng.internal.invokers.TestInvoker.invokeTestMethods(TestInvoker.java:203)
at org.testng.internal.invokers.TestMethodWorker.invokeTestMethods(TestMethodWorker.java:154)
at org.testng.internal.invokers.TestMethodWorker.run(TestMethodWorker.java:134)
at java.base/java.util.ArrayList.forEach(ArrayList.java:1597)
at org.testng.TestRunner.privateRun(TestRunner.java:741)
at org.testng.TestRunner.run(TestRunner.java:616)
at org.testng.SuiteRunner.runTest(SuiteRunner.java:421)
at org.testng.SuiteRunner.runSequentially(SuiteRunner.java:413)
at org.testng.SuiteRunner.privateRun(SuiteRunner.java:373)
at org.testng.SuiteRunner.run(SuiteRunner.java:312)
at org.testng.SuiteRunnerWorker.runSuite(SuiteRunnerWorker.java:52)
at org.testng.SuiteRunnerWorker.run(SuiteRunnerWorker.java:95)
at org.testng.TestNG.runSuitesSequentially(TestNG.java:1274)
at org.testng.TestNG.runSuitesLocally(TestNG.java:1208)
at org.testng.TestNG.runSuites(TestNG.java:1112)
at org.testng.TestNG.run(TestNG.java:1079)
at org.testng.remote.AbstractRemoteTestNG.run(AbstractRemoteTestNG.java:115)
at org.testng.remote.RemoteTestNG.initAndRun(RemoteTestNG.java:293)
at org.testng.remote.RemoteTestNG.main(RemoteTestNG.java:91)
]]>
            </full-stacktrace>
          </exception> <!-- org.openqa.selenium.InvalidSelectorException -->
          <reporter-output>
          </reporter-output>
        </test-method> <!-- searchJamabandiRaiyat -->
        <test-method is-config="true" signature="closeBrowser()[pri:0, instance:tests.JamabandiRaiyat@43f82e78]" started-at="2026-01-15T09:23:03 IST" name="closeBrowser" finished-at="2026-01-15T09:23:06 IST" duration-ms="2674" status="PASS">
          <reporter-output>
          </reporter-output>
        </test-method> <!-- closeBrowser -->
      </class> <!-- tests.JamabandiRaiyat -->
    </test> <!-- Test -->
  </suite> <!-- Suite -->
</testng-results>
